[19:50:38] 2026 CORE AUDIT - PART 2/3
[19:50:38] Windows 11 Safe | Crash Protected
[19:50:38] 
[1/7] BUILD SYSTEM
[19:50:38]  Gradle wrapper found
[19:50:38]  build.gradle.kts
[19:50:38]  app/build.gradle.kts
[19:50:38] 
[2/7] BUILD TEST
[19:50:38]  Clean (30s timeout)
[19:50:50]  Compile check (60s timeout)
[19:51:34]  Compile successful
[19:51:34] 
[3/7] CONFIGURATION
[19:51:34]  compileSdk: 36 (Android 15+)
[19:51:34]  namespace defined
[19:51:34]   minSdk 24 < 28
[19:51:34] 
[4/7] SOURCE CODE
[19:51:34]  AndroidManifest.xml
[19:51:35]  Kotlin files: 52
[19:51:35] 
[5/7] DEPENDENCIES
[19:51:35]  Version catalog
[19:51:35]  Kotlin 2.3.0
[19:51:35] 
[6/7] RESOURCES
[19:51:35]  Strings: 36
[19:51:35] 
[7/7] TESTS
[19:51:35]  Unit test directory
[19:51:35]  Instrumented test directory
[19:51:35] CORE AUDIT COMPLETE
[19:51:35] 
STATUS SUMMARY:
[19:51:35]  Build system    :  PASS
[19:51:35]  compileSdk 35+  : 
[19:51:35]  namespace       : 
[19:51:35]  Source code     : 
[19:51:35] 
RECOMMENDATIONS:
[19:51:35] 1. Run full test suite
[19:51:35] 2. Check hardcoded strings
[19:51:35] 3. Validate architecture
[19:51:35] 
NEXT: Run audit_advanced_final.ps1
[19:51:35] 2026 CORE AUDIT - PART 2/3
[19:51:35] Windows 11 Safe | Crash Protected
[19:51:35] 
[1/7] BUILD SYSTEM
[19:51:35] ✓ Gradle wrapper found
[19:51:35] ✓ build.gradle.kts
[19:51:35] ✓ app/build.gradle.kts
[19:51:35] 
[2/7] BUILD TEST
[19:51:36] ▸ Clean (30s timeout)
[19:51:47] ▸ Compile check (60s timeout)
[19:52:20] ✓ Compile successful
[19:53:26] 
[3/7] CONFIGURATION
[19:53:26] ✓ compileSdk: 36 (Android 15+)
[19:53:26] ✓ namespace defined
[19:53:26] ⚠️  minSdk 24 < 28
[19:53:27] 
[4/7] SOURCE CODE
[19:53:27] ✓ AndroidManifest.xml
[19:53:27] ✓ Kotlin files: 52
[19:53:27] 
[5/7] DEPENDENCIES
[19:53:27] ✓ Version catalog
[19:53:27] ✓ Kotlin 2.3.0
[19:53:27] 
[6/7] RESOURCES
[19:53:27] ✓ Strings: 36
[19:53:27] 
[7/7] TESTS
[19:53:27] ✓ Unit test directory
[19:53:27] ✓ Instrumented test directory
[19:53:27] CORE AUDIT COMPLETE
[19:53:27] 
STATUS SUMMARY:
[19:53:27] • Build system    : ✅ PASS
[19:53:27] • compileSdk 35+  : ✅
[19:53:27] • namespace       : ✅
[19:53:27] • Source code     : ✅
[19:53:27] 
RECOMMENDATIONS:
[19:53:27] 1. Run full test suite
[19:53:27] 2. Check hardcoded strings
[19:53:27] 3. Validate architecture
[19:53:27] 
NEXT: Run audit_advanced_final.ps1
